#
# A fatal error has been detected by the Java Runtime Environment:
#
#  EXCEPTION_ACCESS_VIOLATION (0xc0000005) at pc=0x0000000078aae9f9, pid=4948, tid=4652
#
# JRE version: 6.0_17-b04
# Java VM: Java HotSpot(TM) 64-Bit Server VM (14.3-b01 mixed mode windows-amd64 )
# Problematic frame:
# C  0x0000000078aae9f9
#
# If you would like to submit a bug report, please visit:
#   http://java.sun.com/webapps/bugreport/crash.jsp
#

---------------  T H R E A D  ---------------

Current thread (0x00000000667f9000):  JavaThread "AWT-EventQueue-0" [_thread_in_vm, id=4652, stack(0x0000000029710000,0x0000000029790000)]

siginfo: ExceptionCode=0xc0000005, reading address 0x0000000000000001

Registers:
EAX=0x0000000000000001, EBX=0x0000000004ba89a0, ECX=0x0000000004bb75a0, EDX=0x00000000576f4370
ESP=0x000000002978ec10, EBP=0x00000000576f4370, ESI=0x00000000576f4370, EDI=0x0000000004bb75a0
EIP=0x0000000078aae9f9, EFLAGS=0x0000000000010202

Top of Stack: (sp=0x000000002978ec10)
0x000000002978ec10:   0000000061e6a200 00000000667f9000
0x000000002978ec20:   0000000078d7b380 0000000061e6a288
0x000000002978ec30:   00000000488f85c0 0000000078aaeb14
0x000000002978ec40:   0000000004ba89a0 000000002978ee00
0x000000002978ec50:   00000000576f4370 0000000061e6a278
0x000000002978ec60:   00000000488f85c0 0000000078a6f749
0x000000002978ec70:   00000000667f91b8 000000007325bc50
0x000000002978ec80:   0000000061e6a278 00000000667f9000
0x000000002978ec90:   00000000667f9000 0000000000000000
0x000000002978eca0:   0000000000000000 000000006703afe0
0x000000002978ecb0:   00000000457a0df0 00000000731e2982
0x000000002978ecc0:   00000000457a0df0 00000000457a0df0
0x000000002978ecd0:   00000000667236e8 00000000667f91b8
0x000000002978ece0:   0000000000000000 000000002978ee00
0x000000002978ecf0:   00000000fffffffc 0000041a00000652
0x000000002978ed00:   00000000457a0df0 000000007322077e 

Instructions: (pc=0x0000000078aae9f9)
0x0000000078aae9e9:   c1 89 8a 00 01 00 00 eb 11 48 8b 87 20 01 00 00
0x0000000078aae9f9:   48 8b 08 48 89 8f 20 01 00 00 4c 8b 64 24 20 48 


Stack: [0x0000000029710000,0x0000000029790000],  sp=0x000000002978ec10,  free space=507k
Native frames: (J=compiled Java code, j=interpreted, Vv=VM code, C=native code)
C  0x0000000078aae9f9

Java frames: (J=compiled Java code, j=interpreted, Vv=VM code)
J  sun.awt.windows.WComponentPeer.getLocationOnScreen()Ljava/awt/Point;
J  java.awt.Component$AccessibleAWTComponent.getLocationOnScreen()Ljava/awt/Point;
J  javax.swing.text.JTextComponent$AccessibleJTextComponent.caretUpdate(Ljavax/swing/event/CaretEvent;)V
J  javax.swing.text.DefaultCaret.fireStateChanged()V
J  javax.swing.text.DefaultCaret$Handler.insertUpdate(Ljavax/swing/event/DocumentEvent;)V
J  com.mathworks.mde.cmdwin.CmdWinDocument.insertChars(I[CIZ)V
J  com.mathworks.mde.cmdwin.CmdWinDocument.insertBeforePrompt([CIZ)V
J  com.mathworks.mde.cmdwin.CmdWinDocument$FlushRunnable.run()V
J  java.awt.EventDispatchThread.pumpOneEventForFilters(I)Z
J  java.awt.EventDispatchThread.pumpEventsForFilter(ILjava/awt/Conditional;Ljava/awt/EventFilter;)V
j  java.awt.EventDispatchThread.pumpEventsForHierarchy(ILjava/awt/Conditional;Ljava/awt/Component;)V+11
j  java.awt.EventDispatchThread.pumpEvents(ILjava/awt/Conditional;)V+4
j  java.awt.EventDispatchThread.pumpEvents(Ljava/awt/Conditional;)V+3
j  java.awt.EventDispatchThread.run()V+9
v  ~StubRoutines::call_stub

---------------  P R O C E S S  ---------------

Java Threads: ( => current thread )
  0x00000000669a5000 JavaThread "pool-5-thread-1" [_thread_blocked, id=1940, stack(0x00000000681f0000,0x0000000068270000)]
  0x000000006699f000 JavaThread "Code Analyzer updating thread" [_thread_blocked, id=3512, stack(0x00000000254b0000,0x0000000025530000)]
  0x0000000066ae8800 JavaThread "pool-3-thread-1" [_thread_blocked, id=3212, stack(0x000000000bea0000,0x000000000bf20000)]
  0x00000000669a8000 JavaThread "Code Analyzer updating thread" [_thread_blocked, id=5224, stack(0x0000000068290000,0x0000000068310000)]
  0x00000000669a7000 JavaThread "Code Analyzer updating thread" [_thread_blocked, id=5168, stack(0x0000000068020000,0x00000000680a0000)]
  0x00000000669a4800 JavaThread "Code Analyzer updating thread" [_thread_blocked, id=5128, stack(0x0000000067da0000,0x0000000067e20000)]
  0x00000000669a3000 JavaThread "Code Analyzer updating thread" [_thread_blocked, id=1960, stack(0x0000000067e90000,0x0000000067f10000)]
  0x00000000669a2000 JavaThread "Code Analyzer updating thread" [_thread_blocked, id=1844, stack(0x0000000067ce0000,0x0000000067d60000)]
  0x00000000669a1800 JavaThread "Active Reference Queue Daemon" daemon [_thread_blocked, id=4980, stack(0x00000000633a0000,0x0000000063420000)]
  0x00000000669a0800 JavaThread "Timer-7" daemon [_thread_blocked, id=5004, stack(0x0000000063430000,0x00000000634b0000)]
  0x00000000669a0000 JavaThread "Timer-6" daemon [_thread_blocked, id=4996, stack(0x0000000065620000,0x00000000656a0000)]
  0x000000006699e800 JavaThread "RequestQueue for GenericFileList" [_thread_blocked, id=5116, stack(0x0000000063290000,0x0000000063310000)]
  0x000000006699c800 JavaThread "Prefs Updater" daemon [_thread_blocked, id=916, stack(0x00000000626b0000,0x0000000062730000)]
  0x0000000066999800 JavaThread "Timer-1" [_thread_blocked, id=1292, stack(0x0000000062950000,0x00000000629d0000)]
  0x000000006699b800 JavaThread "FelixPackageAdmin" daemon [_thread_blocked, id=4640, stack(0x0000000062730000,0x00000000627b0000)]
  0x000000006699b000 JavaThread "FelixStartLevel" daemon [_thread_blocked, id=4692, stack(0x0000000059b30000,0x0000000059bb0000)]
  0x000000006699a000 JavaThread "FelixDispatchQueue" daemon [_thread_blocked, id=4696, stack(0x0000000031a00000,0x0000000031a80000)]
  0x0000000066857800 JavaThread "TimerQueue" daemon [_thread_blocked, id=4972, stack(0x0000000031960000,0x00000000319e0000)]
=>0x00000000667f9000 JavaThread "AWT-EventQueue-0" [_thread_in_vm, id=4652, stack(0x0000000029710000,0x0000000029790000)]
  0x0000000061e6f800 JavaThread "com.google.common.base.internal.Finalizer" daemon [_thread_blocked, id=4924, stack(0x0000000021510000,0x0000000021590000)]
  0x00000000665e3000 JavaThread "AWT-Shutdown" [_thread_blocked, id=4920, stack(0x000000002d840000,0x000000002d8c0000)]
  0x00000000665de800 JavaThread "AWT-Windows" daemon [_thread_in_native, id=4792, stack(0x000000002d7b0000,0x000000002d830000)]
  0x00000000665dd000 JavaThread "Java2D Disposer" daemon [_thread_blocked, id=2368, stack(0x0000000019120000,0x00000000191a0000)]
  0x00000000662da800 JavaThread "Timer-0" [_thread_blocked, id=3932, stack(0x000000001d300000,0x000000001d380000)]
  0x0000000066163000 JavaThread "JMI Unnamed Thread" [_thread_in_native, id=4336, stack(0x0000000010f10000,0x0000000014f10000)]
  0x0000000061e2d800 JavaThread "Low Memory Detector" daemon [_thread_blocked, id=4688, stack(0x000000001d280000,0x000000001d300000)]
  0x0000000061e2c000 JavaThread "CompilerThread1" daemon [_thread_blocked, id=4704, stack(0x0000000084140000,0x0000000088140000)]
  0x0000000061e28000 JavaThread "CompilerThread0" daemon [_thread_blocked, id=4712, stack(0x0000000080000000,0x0000000084000000)]
  0x0000000061e27000 JavaThread "Attach Listener" daemon [_thread_blocked, id=4708, stack(0x0000000010e80000,0x0000000010f00000)]
  0x0000000061de2800 JavaThread "Finalizer" daemon [_thread_blocked, id=4720, stack(0x0000000014f70000,0x0000000014ff0000)]
  0x0000000004c65800 JavaThread "Reference Handler" daemon [_thread_blocked, id=4716, stack(0x0000000019060000,0x00000000190e0000)]
  0x0000000004baa000 JavaThread "main" [_thread_blocked, id=4952, stack(0x0000000000170000,0x0000000004170000)]

Other Threads:
  0x0000000061de1000 VMThread [stack: 0x000000006a420000,0x000000006e420000] [id=2040]
  0x0000000061eb5000 WatcherThread [stack: 0x0000000088180000,0x000000008c180000] [id=4684]

VM state:not at safepoint (normal execution)

VM Mutex/Monitor currently owned by a thread:  ([mutex/lock_event])
[0x0000000004ba89a0] JNIGlobalHandle_lock - owner thread: 0x00000000667f9000

Heap
 PSYoungGen      total 15360K, used 13544K [0x0000000056a00000, 0x0000000057a00000, 0x0000000059b00000)
  eden space 14272K, 94% used [0x0000000056a00000,0x0000000057722088,0x00000000577f0000)
  from space 1088K, 8% used [0x00000000578f0000,0x0000000057908000,0x0000000057a00000)
  to   space 1024K, 0% used [0x00000000577f0000,0x00000000577f0000,0x00000000578f0000)
 PSOldGen        total 67840K, used 55241K [0x000000004d700000, 0x0000000051940000, 0x0000000056a00000)
  object space 67840K, 81% used [0x000000004d700000,0x0000000050cf25e0,0x0000000051940000)
 PSPermGen       total 82304K, used 62902K [0x0000000045700000, 0x000000004a760000, 0x000000004d700000)
  object space 82304K, 76% used [0x0000000045700000,0x000000004946d888,0x000000004a760000)

Dynamic libraries:
0x000000013f870000 - 0x000000013f899000 	C:\Program Files\MATLAB\R2011b\bin\win64\MATLAB.exe
0x0000000077720000 - 0x00000000778c9000 	C:\Windows\SYSTEM32\ntdll.dll
0x0000000077600000 - 0x000000007771f000 	C:\Windows\system32\kernel32.dll
0x000007fefd500000 - 0x000007fefd56c000 	C:\Windows\system32\KERNELBASE.dll
0x0000000074460000 - 0x0000000074563000 	C:\Program Files\MATLAB\R2011b\bin\win64\libut.dll
0x00000000758a0000 - 0x0000000075944000 	C:\Program Files\MATLAB\R2011b\bin\win64\libmwi18n.dll
0x0000000180000000 - 0x000000018000b000 	C:\Program Files\MATLAB\R2011b\bin\win64\libmwresource_core.dll
0x0000000070850000 - 0x0000000070923000 	C:\Windows\WinSxS\amd64_microsoft.vc90.crt_1fc8b3b9a1e18e3b_9.0.30729.6161_none_08e61857a83bc251\MSVCP90.dll
0x0000000070600000 - 0x00000000706a3000 	C:\Windows\WinSxS\amd64_microsoft.vc90.crt_1fc8b3b9a1e18e3b_9.0.30729.6161_none_08e61857a83bc251\MSVCR90.dll
0x000000007a170000 - 0x000000007a19c000 	C:\Program Files\MATLAB\R2011b\bin\win64\boost_filesystem-vc90-mt-1_44.dll
0x000000007a560000 - 0x000000007a569000 	C:\Program Files\MATLAB\R2011b\bin\win64\boost_system-vc90-mt-1_44.dll
0x000007fefdc00000 - 0x000007fefdcdb000 	C:\Windows\system32\ADVAPI32.dll
0x000007feff990000 - 0x000007feffa2f000 	C:\Windows\system32\msvcrt.dll
0x000007feff960000 - 0x000007feff97f000 	C:\Windows\SYSTEM32\sechost.dll
0x000007fefe2d0000 - 0x000007fefe3fd000 	C:\Windows\system32\RPCRT4.dll
0x000000007a010000 - 0x000000007a035000 	C:\Program Files\MATLAB\R2011b\bin\win64\LIBEXPAT.dll
0x00000000658f0000 - 0x0000000065ae1000 	C:\Program Files\MATLAB\R2011b\bin\win64\icuin44.dll
0x0000000065b70000 - 0x0000000065ce1000 	C:\Program Files\MATLAB\R2011b\bin\win64\icuuc44.dll
0x0000000010000000 - 0x0000000010e41000 	C:\Program Files\MATLAB\R2011b\bin\win64\icudt44.dll
0x0000000073f70000 - 0x00000000740b5000 	C:\Program Files\MATLAB\R2011b\bin\win64\libmwfl.dll
0x000000007a350000 - 0x000000007a556000 	C:\Program Files\MATLAB\R2011b\bin\win64\libmwMATLAB_res.dll
0x0000000000160000 - 0x0000000000170000 	C:\Program Files\MATLAB\R2011b\bin\win64\boost_date_time-vc90-mt-1_44.dll
0x000000007a250000 - 0x000000007a263000 	C:\Program Files\MATLAB\R2011b\bin\win64\boost_signals-vc90-mt-1_44.dll
0x000000007a2d0000 - 0x000000007a2e2000 	C:\Program Files\MATLAB\R2011b\bin\win64\boost_thread-vc90-mt-1_44.dll
0x00000000041a0000 - 0x00000000041e6000 	C:\Program Files\MATLAB\R2011b\bin\win64\tbb.dll
0x000007fefe650000 - 0x000007fefe669000 	C:\Windows\system32\imagehlp.dll
0x00000000778e0000 - 0x00000000778e7000 	C:\Windows\system32\PSAPI.DLL
0x0000000071a00000 - 0x0000000071a13000 	C:\Program Files\MATLAB\R2011b\bin\win64\icuio44.dll
0x000007fefab00000 - 0x000007fefac25000 	C:\Windows\system32\dbghelp.dll
0x0000000077500000 - 0x00000000775fa000 	C:\Windows\system32\USER32.dll
0x000007feff8f0000 - 0x000007feff957000 	C:\Windows\system32\GDI32.dll
0x000007feff980000 - 0x000007feff98e000 	C:\Windows\system32\LPK.dll
0x000007fefddc0000 - 0x000007fefde89000 	C:\Windows\system32\USP10.dll
0x000000007bed0000 - 0x000000007c148000 	C:\Program Files\MATLAB\R2011b\bin\win64\libmwservices.dll
0x0000000075a20000 - 0x0000000075ad5000 	C:\Program Files\MATLAB\R2011b\bin\win64\libmx.dll
0x000000007a210000 - 0x000000007a228000 	C:\Program Files\MATLAB\R2011b\bin\win64\zlib1.dll
0x0000000074330000 - 0x0000000074453000 	C:\Program Files\MATLAB\R2011b\bin\win64\libmwmathutil.dll
0x0000000075f10000 - 0x0000000075f5d000 	C:\Program Files\MATLAB\R2011b\bin\win64\mpath.dll
0x000000007b680000 - 0x000000007bb4d000 	C:\Program Files\MATLAB\R2011b\bin\win64\mlutil.dll
0x0000000065af0000 - 0x0000000065b6f000 	C:\Program Files\MATLAB\R2011b\bin\win64\xmlcore.dll
0x000000007bc30000 - 0x000000007be83000 	C:\Program Files\MATLAB\R2011b\bin\win64\xerces-c_2_7.dll
0x000007fefe200000 - 0x000007fefe24d000 	C:\Windows\system32\WS2_32.dll
0x000007fefe430000 - 0x000007fefe438000 	C:\Windows\system32\NSI.dll
0x0000000004390000 - 0x00000000043a6000 	C:\Program Files\MATLAB\R2011b\bin\win64\libmwsettings_res.dll
0x00000000043c0000 - 0x0000000004407000 	C:\Program Files\MATLAB\R2011b\bin\win64\boost_serialization-vc90-mt-1_44.dll
0x000007fefe9e0000 - 0x000007feff768000 	C:\Windows\system32\SHELL32.dll
0x000007feff870000 - 0x000007feff8e1000 	C:\Windows\system32\SHLWAPI.dll
0x000007fef8210000 - 0x000007fef82b0000 	C:\Windows\WinSxS\amd64_microsoft.windows.common-controls_6595b64144ccf1df_5.82.7601.18201_none_a4d3b9377117c3df\COMCTL32.dll
0x000007feff7d0000 - 0x000007feff867000 	C:\Windows\system32\COMDLG32.dll
0x000007fefa540000 - 0x000007fefa556000 	C:\Windows\system32\NETAPI32.dll
0x000007fefcd90000 - 0x000007fefcd9c000 	C:\Windows\system32\netutils.dll
0x000007fefd1b0000 - 0x000007fefd1d3000 	C:\Windows\system32\srvcli.dll
0x000007fefa520000 - 0x000007fefa535000 	C:\Windows\system32\wkscli.dll
0x000007fefe440000 - 0x000007fefe643000 	C:\Windows\system32\ole32.dll
0x000007fefdce0000 - 0x000007fefddb7000 	C:\Windows\system32\OLEAUT32.dll
0x0000000074970000 - 0x0000000074a41000 	C:\Program Files\MATLAB\R2011b\bin\win64\mcr.dll
0x0000000075000000 - 0x0000000075324000 	C:\Program Files\MATLAB\R2011b\bin\win64\iqm.dll
0x0000000063eb0000 - 0x0000000064680000 	C:\Program Files\MATLAB\R2011b\bin\win64\m_interpreter.dll
0x0000000071a50000 - 0x0000000071a65000 	C:\Program Files\MATLAB\R2011b\bin\win64\libmex.dll
0x0000000065790000 - 0x000000006583e000 	C:\Program Files\MATLAB\R2011b\bin\win64\m_dispatcher.dll
0x0000000074880000 - 0x000000007496d000 	C:\Program Files\MATLAB\R2011b\bin\win64\boost_regex-vc90-mt-1_44.dll
0x0000000065860000 - 0x00000000658e4000 	C:\Program Files\MATLAB\R2011b\bin\win64\profiler.dll
0x0000000079f40000 - 0x0000000079f73000 	C:\Program Files\MATLAB\R2011b\bin\win64\libmwmathrng.dll
0x0000000074c10000 - 0x0000000074cea000 	C:\Program Files\MATLAB\R2011b\bin\win64\libmwmathcore.dll
0x0000000076160000 - 0x00000000761cb000 	C:\Program Files\MATLAB\R2011b\bin\win64\libmwspmatrix.dll
0x0000000075ea0000 - 0x0000000075f02000 	C:\Program Files\MATLAB\R2011b\bin\win64\libmwcholmod.dll
0x00000000044d0000 - 0x00000000044dd000 	C:\Program Files\MATLAB\R2011b\bin\win64\libmwamd.dll
0x00000000044f0000 - 0x00000000044fc000 	C:\Program Files\MATLAB\R2011b\bin\win64\libmwcolamd.dll
0x0000000068660000 - 0x0000000068679000 	C:\Program Files\MATLAB\R2011b\bin\win64\libmwblas.dll
0x000000006a2b0000 - 0x000000006a2c2000 	C:\Program Files\MATLAB\R2011b\bin\win64\libmwbinder.dll
0x0000000071a40000 - 0x0000000071a4b000 	C:\Program Files\MATLAB\R2011b\bin\win64\libmwompwrapper.dll
0x0000000065570000 - 0x00000000655f2000 	C:\Program Files\MATLAB\R2011b\bin\win64\libmwlapack.dll
0x0000000065760000 - 0x0000000065781000 	C:\Program Files\MATLAB\R2011b\bin\win64\m_pcodeio.dll
0x0000000079b10000 - 0x0000000079b77000 	C:\Program Files\MATLAB\R2011b\bin\win64\m_ir.dll
0x0000000064f30000 - 0x0000000065570000 	C:\Program Files\MATLAB\R2011b\bin\win64\m_parser.dll
0x0000000065840000 - 0x000000006585a000 	C:\Program Files\MATLAB\R2011b\bin\win64\ir_xfmr.dll
0x0000000064ca0000 - 0x0000000064f25000 	C:\Program Files\MATLAB\R2011b\bin\win64\mcos.dll
0x0000000071aa0000 - 0x0000000071aac000 	C:\Program Files\MATLAB\R2011b\bin\win64\mtok.dll
0x0000000064c60000 - 0x0000000064c91000 	C:\Program Files\MATLAB\R2011b\bin\win64\m_pcodegen.dll
0x0000000079fb0000 - 0x0000000079fe5000 	C:\Program Files\MATLAB\R2011b\bin\win64\libmwbridge.dll
0x0000000064b90000 - 0x0000000064c58000 	C:\Program Files\MATLAB\R2011b\bin\win64\udd.dll
0x0000000064a40000 - 0x0000000064b87000 	C:\Program Files\MATLAB\R2011b\bin\win64\libmwgui.dll
0x0000000068640000 - 0x0000000068657000 	C:\Program Files\MATLAB\R2011b\bin\win64\graphics_util.dll
0x0000000063500000 - 0x0000000063eb0000 	C:\Program Files\MATLAB\R2011b\bin\win64\hg.dll
0x0000000076100000 - 0x0000000076158000 	C:\Program Files\MATLAB\R2011b\bin\win64\libmat.dll
0x0000000072d30000 - 0x0000000072f44000 	C:\Program Files\MATLAB\R2011b\bin\win64\hdf5dll.dll
0x0000000075710000 - 0x000000007579d000 	C:\Program Files\MATLAB\R2011b\bin\win64\jmi.dll
0x0000000004640000 - 0x000000000464e000 	C:\Program Files\MATLAB\R2011b\bin\win64\nativejava_services.dll
0x00000000649f0000 - 0x0000000064a33000 	C:\Program Files\MATLAB\R2011b\bin\win64\libmwhardcopy.dll
0x0000000064980000 - 0x00000000649e3000 	C:\Program Files\MATLAB\R2011b\bin\win64\libuij.dll
0x0000000064770000 - 0x0000000064977000 	C:\Program Files\MATLAB\R2011b\bin\win64\hgdatatypes.dll
0x0000000063010000 - 0x0000000063109000 	C:\Program Files\MATLAB\R2011b\bin\win64\hgutils.dll
0x0000000062f50000 - 0x000000006300d000 	C:\Program Files\MATLAB\R2011b\bin\win64\udd_mi.dll
0x00000000046b0000 - 0x0000000004979000 	C:\Program Files\MATLAB\R2011b\bin\win64\uiw.dll
0x0000000064760000 - 0x000000006476f000 	C:\Program Files\MATLAB\R2011b\bin\win64\uinone.dll
0x000007fef91c0000 - 0x000007fef91d8000 	C:\Windows\system32\MPR.dll
0x0000000062a60000 - 0x0000000062f44000 	C:\Windows\WinSxS\amd64_microsoft.vc90.mfc_1fc8b3b9a1e18e3b_9.0.30729.6161_none_044aad0bab1eb146\mfc90.dll
0x000007fefac30000 - 0x000007fefac37000 	C:\Windows\system32\MSIMG32.dll
0x000007fef7460000 - 0x000007fef74d1000 	C:\Windows\system32\WINSPOOL.DRV
0x0000000064730000 - 0x0000000064751000 	C:\Program Files\MATLAB\R2011b\bin\win64\mwoles05.DLL
0x00000000629e0000 - 0x0000000062a55000 	C:\Program Files\MATLAB\R2011b\bin\win64\comcli.dll
0x0000000064700000 - 0x000000006472f000 	C:\Windows\WinSxS\amd64_microsoft.vc90.atl_1fc8b3b9a1e18e3b_9.0.30729.6161_none_0a1fd3a3a768b895\ATL90.DLL
0x000000006a240000 - 0x000000006a24c000 	C:\Program Files\MATLAB\R2011b\bin\win64\mlautoregister.dll
0x00000000049d0000 - 0x00000000049e0000 	C:\Program Files\MATLAB\R2011b\bin\win64\boost_iostreams-vc90-mt-1_44.dll
0x000007fefe400000 - 0x000007fefe42e000 	C:\Windows\system32\IMM32.DLL
0x000007fefd8a0000 - 0x000007fefd9a9000 	C:\Windows\system32\MSCTF.dll
0x000007fefbe50000 - 0x000007fefbea6000 	C:\Windows\system32\UxTheme.dll
0x000007fefb680000 - 0x000007fefb698000 	C:\Windows\system32\dwmapi.dll
0x00000000646f0000 - 0x00000000646fd000 	C:\Windows\WinSxS\amd64_microsoft.vc90.mfcloc_1fc8b3b9a1e18e3b_9.0.30729.6161_none_01c9581e60cbee58\MFC90ENU.DLL
0x0000000004b40000 - 0x0000000004b69000 	C:\Program Files\MATLAB\R2011b\bin\win64\tbbmalloc.dll
0x000007fefd4e0000 - 0x000007fefd4ef000 	C:\Windows\system32\profapi.dll
0x000007fef4300000 - 0x000007fef430f000 	C:\Program Files\MATLAB\R2011b\bin\win64\xmlxrcsc.dll
0x000007fefd340000 - 0x000007fefd34f000 	C:\Windows\system32\CRYPTBASE.dll
0x000007fefba00000 - 0x000007fefbbf4000 	C:\Windows\WinSxS\amd64_microsoft.windows.common-controls_6595b64144ccf1df_6.0.7601.17514_none_fa396087175ac9ac\comctl32.dll
0x000007fefde90000 - 0x000007fefdf29000 	C:\Windows\system32\CLBCatQ.DLL
0x000007fefe670000 - 0x000007fefe847000 	C:\Windows\system32\SETUPAPI.dll
0x000007fefd680000 - 0x000007fefd6b6000 	C:\Windows\system32\CFGMGR32.dll
0x000007fefd590000 - 0x000007fefd5aa000 	C:\Windows\system32\DEVOBJ.dll
0x000007fefbfc0000 - 0x000007fefc0ec000 	C:\Windows\system32\propsys.dll
0x00000000628c0000 - 0x00000000628c3000 	C:\Windows\system32\icmp.Dll
0x000007fefa0c0000 - 0x000007fefa0e7000 	C:\Windows\system32\iphlpapi.DLL
0x000007fefa0b0000 - 0x000007fefa0bb000 	C:\Windows\system32\WINNSI.DLL
0x000007fefd2b0000 - 0x000007fefd2d5000 	C:\Windows\system32\SspiCli.dll
0x000007fefb420000 - 0x000007fefb435000 	C:\Windows\system32\NLAapi.dll
0x000007fefcdb0000 - 0x000007fefce05000 	C:\Windows\System32\mswsock.dll
0x000007fefcaf0000 - 0x000007fefcb4b000 	C:\Windows\system32\DNSAPI.dll
0x000007fef7e10000 - 0x000007fef7e1b000 	C:\Windows\System32\winrnr.dll
0x000007fef7df0000 - 0x000007fef7e05000 	C:\Windows\system32\napinsp.dll

VM Arguments:
jvm_args: -Xss512k -XX:PermSize=32m -Xms64m -XX:NewRatio=3 -XX:MaxPermSize=128m -Xmx196m -XX:MaxDirectMemorySize=2147400000 -Dsun.java2d.noddraw=true -Dsun.awt.nopixfmt=true -Xshare:off -Xrs -Dsun.awt.disableMixing=true -Djava.library.path=C:\Program Files\MATLAB\R2011b\bin\win64 vfprintf abort 
java_command: <unknown>
Launcher Type: generic

Environment Variables:
CLASSPATH=.;C:\Program Files (x86)\QuickTime\QTSystem\QTJava.zip
PATH=C:\Program Files\Common Files\Microsoft Shared\Windows Live;C:\Program Files (x86)\Common Files\Microsoft Shared\Windows Live;C:\Windows\system32;C:\Windows;C:\Windows\System32\Wbem;C:\Windows\System32\WindowsPowerShell\v1.0\;C:\Program Files\MATLAB\R2011b\runtime\win64;C:\Program Files\MATLAB\R2011b\bin;C:\Program Files (x86)\QuickTime\QTSystem\;C:\Program Files (x86)\Windows Live\Shared;C:\Anaconda;C:\Anaconda\Scripts
USERNAME=wacongne
OS=Windows_NT
PROCESSOR_IDENTIFIER=Intel64 Family 6 Model 15 Stepping 11, GenuineIntel



---------------  S Y S T E M  ---------------

OS: Windows 7 Build 7601 Service Pack 1

CPU:total 2 (2 cores per cpu, 1 threads per core) family 6 model 15 stepping 11, cmov, cx8, fxsr, mmx, sse, sse2, sse3, ssse3

Memory: 4k page, physical 4126328k(1553548k free), swap 8250792k(4736024k free)

vm_info: Java HotSpot(TM) 64-Bit Server VM (14.3-b01) for windows-amd64 JRE (1.6.0_17-b04), built on Oct 11 2009 00:46:08 by "java_re" with MS VC++ 8.0

time: Thu Nov 13 11:33:21 2014
elapsed time: 4445 seconds

